<?xml version="1.0" encoding="UTF-8"?>
<!-- Generated by org.testng.reporters.JUnitReportReporter -->
<testsuite hostname="LAPTOP-4HS44O5I" failures="0" tests="3" name="com.crm.qa.testcase.landingpageTest" time="24.788" errors="0" timestamp="29 Mar 2023 10:51:49 GMT" skipped="0">
  <testcase classname="com.crm.qa.testcase.landingpageTest" name="landingPageTitleTest" time="8.387"/>
  <testcase classname="com.crm.qa.testcase.landingpageTest" name="crmLogoImageTest" time="5.310"/>
  <testcase classname="com.crm.qa.testcase.landingpageTest" name="clickLogin" time="11.091"/>
</testsuite> <!-- com.crm.qa.testcase.landingpageTest -->
