<?xml version="1.0" encoding="UTF-8"?>
<!-- Generated by org.testng.reporters.JUnitReportReporter -->
<testsuite hostname="LAPTOP-4HS44O5I" failures="0" tests="2" name="com.crm.qa.testcase.LoginPageTest" time="23.066" errors="0" timestamp="29 Mar 2023 11:19:54 GMT" skipped="0">
  <testcase classname="com.crm.qa.testcase.LoginPageTest" name="PageTitleTest" time="10.735"/>
  <testcase classname="com.crm.qa.testcase.LoginPageTest" name="clickLogin" time="12.331"/>
</testsuite> <!-- com.crm.qa.testcase.LoginPageTest -->
