<?xml version="1.0" encoding="UTF-8"?>
<!-- Generated by org.testng.reporters.JUnitReportReporter -->
<testsuite hostname="LAPTOP-4HS44O5I" failures="0" tests="3" name="com.crm.qa.testcase.HomePageTest" time="50.111" errors="0" timestamp="30 Mar 2023 12:59:31 GMT" skipped="0">
  <testcase classname="com.crm.qa.testcase.HomePageTest" name="VerifyTitleTest" time="10.582"/>
  <testcase classname="com.crm.qa.testcase.HomePageTest" name="verifyUserName" time="11.895"/>
  <testcase classname="com.crm.qa.testcase.HomePageTest" name="ContactsTest" time="27.634"/>
</testsuite> <!-- com.crm.qa.testcase.HomePageTest -->
