<?xml version="1.0" encoding="UTF-8"?>
<!-- Generated by org.testng.reporters.JUnitReportReporter -->
<testsuite hostname="LAPTOP-4HS44O5I" failures="0" tests="2" name="com.crm.qa.testcase.LoginPageTest" time="19.772" errors="0" timestamp="30 Mar 2023 12:53:49 GMT" skipped="0">
  <testcase classname="com.crm.qa.testcase.LoginPageTest" name="PageTitleTest" time="9.752"/>
  <testcase classname="com.crm.qa.testcase.LoginPageTest" name="clickLogin" time="10.020"/>
</testsuite> <!-- com.crm.qa.testcase.LoginPageTest -->
