<?xml version="1.0" encoding="UTF-8"?>
<!-- Generated by org.testng.reporters.JUnitReportReporter -->
<testsuite hostname="LAPTOP-4HS44O5I" failures="0" tests="3" name="com.crm.qa.testcase.landingpageTest" time="20.466" errors="0" timestamp="30 Mar 2023 12:53:49 GMT" skipped="0">
  <testcase classname="com.crm.qa.testcase.landingpageTest" name="landingPageTitleTest" time="5.250"/>
  <testcase classname="com.crm.qa.testcase.landingpageTest" name="crmLogoImageTest" time="5.331"/>
  <testcase classname="com.crm.qa.testcase.landingpageTest" name="clickLogin" time="9.885"/>
</testsuite> <!-- com.crm.qa.testcase.landingpageTest -->
